<html>
<head>
<title>TestNG:  Test</title>
<link href="../testng.css" rel="stylesheet" type="text/css" />
<link href="../my-testng.css" rel="stylesheet" type="text/css" />

<style type="text/css">
.log { display: none;} 
.stack-trace { display: none;} 
</style>
<script type="text/javascript">
<!--
function flip(e) {
  current = e.style.display;
  if (current == 'block') {
    e.style.display = 'none';
    return 0;
  }
  else {
    e.style.display = 'block';
    return 1;
  }
}

function toggleBox(szDivId, elem, msg1, msg2)
{
  var res = -1;  if (document.getElementById) {
    res = flip(document.getElementById(szDivId));
  }
  else if (document.all) {
    // this is the way old msie versions work
    res = flip(document.all[szDivId]);
  }
  if(elem) {
    if(res == 0) elem.innerHTML = msg1; else elem.innerHTML = msg2;
  }

}

function toggleAllBoxes() {
  if (document.getElementsByTagName) {
    d = document.getElementsByTagName('div');
    for (i = 0; i < d.length; i++) {
      if (d[i].className == 'log') {
        flip(d[i]);
      }
    }
  }
}

// -->
</script>

</head>
<body>
<h2 align='center'>Test</h2><table border='1' align="center">
<tr>
<td>Tests passed/Failed/Skipped:</td><td>20/1/0</td>
</tr><tr>
<td>Started on:</td><td>Thu Nov 05 15:03:36 IST 2020</td>
</tr>
<tr><td>Total time:</td><td>890 seconds (890047 ms)</td>
</tr><tr>
<td>Included groups:</td><td></td>
</tr><tr>
<td>Excluded groups:</td><td></td>
</tr>
</table><p/>
<small><i>(Hover the method name to see the test class name)</i></small><p/>
<table width='100%' border='1' class='invocation-failed'>
<tr><td colspan='4' align='center'><b>FAILED TESTS</b></td></tr>
<tr><td><b>Test method</b></td>
<td width="30%"><b>Exception</b></td>
<td width="10%"><b>Time (seconds)</b></td>
<td><b>Instance</b></td>
</tr>
<tr>
<td title='testCases.LoanCalculatorTest.loanCalculator()'><b>loanCalculator</b><br>Test class: testCases.LoanCalculatorTest<br>Parameters: 1000000.0, 9.5, 6.0, -2.0, 13,15,780</td>
<td><div><pre>org.openqa.selenium.NoSuchElementException: no such element: Unable to locate element: {&quot;method&quot;:&quot;xpath&quot;,&quot;selector&quot;:&quot;//*[@id=&apos;loanfees&apos;]&quot;}
  (Session info: chrome=86.0.4240.111)
For documentation on this error, please visit: https://www.seleniumhq.org/exceptions/no_such_element.html
Build info: version: &apos;3.141.59&apos;, revision: &apos;e82be7d358&apos;, time: &apos;2018-11-14T08:17:03&apos;
System info: host: &apos;DESKTOP-QB0KDE3&apos;, ip: &apos;192.168.0.103&apos;, os.name: &apos;Windows 10&apos;, os.arch: &apos;amd64&apos;, os.version: &apos;10.0&apos;, java.version: &apos;1.8.0_261&apos;
Driver info: org.openqa.selenium.chrome.ChromeDriver
Capabilities {acceptInsecureCerts: false, browserName: chrome, browserVersion: 86.0.4240.111, chrome: {chromedriverVersion: 85.0.4183.87 (cd6713ebf92fa..., userDataDir: C:\Users\Yasharth\AppData\L...}, goog:chromeOptions: {debuggerAddress: localhost:57117}, javascriptEnabled: true, networkConnectionEnabled: false, pageLoadStrategy: normal, platform: WINDOWS, platformName: WINDOWS, proxy: Proxy(), setWindowRect: true, strictFileInteractability: false, timeouts: {implicit: 0, pageLoad: 300000, script: 30000}, unhandledPromptBehavior: dismiss and notify, webauthn:virtualAuthenticators: true}
Session ID: 69c5d112da5f0876736d93ec820c349a
*** Element info: {Using=xpath, value=//*[@id=&apos;loanfees&apos;]}
	at org.openqa.selenium.remote.http.W3CHttpResponseCodec.createException(W3CHttpResponseCodec.java:187)
	at org.openqa.selenium.remote.http.W3CHttpResponseCodec.decode(W3CHttpResponseCodec.java:122)
	at org.openqa.selenium.remote.http.W3CHttpResponseCodec.decode(W3CHttpResponseCodec.java:49)
	at org.openqa.selenium.remote.HttpCommandExecutor.execute(HttpCommandExecutor.java:158)
	at org.openqa.selenium.remote.service.DriverCommandExecutor.execute(DriverCommandExecutor.java:83)
	at org.openqa.selenium.remote.RemoteWebDriver.execute(RemoteWebDriver.java:552)
	at org.openqa.selenium.remote.RemoteWebDriver.findElement(RemoteWebDriver.java:323)
	at org.openqa.selenium.remote.RemoteWebDriver.findElementByXPath(RemoteWebDriver.java:428)
	at org.openqa.selenium.By$ByXPath.findElement(By.java:353)
	at org.openqa.selenium.remote.RemoteWebDriver.findElement(RemoteWebDriver.java:315)
	at org.openqa.selenium.support.pagefactory.DefaultElementLocator.findElement(DefaultElementLocator.java:69)
	at org.openqa.selenium.support.pagefactory.internal.LocatingElementHandler.invoke(LocatingElementHandler.java:38)
	at com.sun.proxy.$Proxy8.sendKeys(Unknown Source)
	at baseClasses.PageBaseClass.clearField(PageBaseClass.java:44)
	at pageClasses.LoanCalculatorPage.calculateLoan(LoanCalculatorPage.java:51)
	at testCases.LoanCalculatorTest.loanCalculator(LoanCalculatorTest.java:34)
... Removed 29 stack frames</pre></div><a href='#' onClick='toggleBox("stack-trace1652003991", this, "Click to show all stack frames", "Click to hide stack frames")'>Click to show all stack frames</a>
<div class='stack-trace' id='stack-trace1652003991'><pre>org.openqa.selenium.NoSuchElementException: no such element: Unable to locate element: {&quot;method&quot;:&quot;xpath&quot;,&quot;selector&quot;:&quot;//*[@id=&apos;loanfees&apos;]&quot;}
  (Session info: chrome=86.0.4240.111)
For documentation on this error, please visit: https://www.seleniumhq.org/exceptions/no_such_element.html
Build info: version: &apos;3.141.59&apos;, revision: &apos;e82be7d358&apos;, time: &apos;2018-11-14T08:17:03&apos;
System info: host: &apos;DESKTOP-QB0KDE3&apos;, ip: &apos;192.168.0.103&apos;, os.name: &apos;Windows 10&apos;, os.arch: &apos;amd64&apos;, os.version: &apos;10.0&apos;, java.version: &apos;1.8.0_261&apos;
Driver info: org.openqa.selenium.chrome.ChromeDriver
Capabilities {acceptInsecureCerts: false, browserName: chrome, browserVersion: 86.0.4240.111, chrome: {chromedriverVersion: 85.0.4183.87 (cd6713ebf92fa..., userDataDir: C:\Users\Yasharth\AppData\L...}, goog:chromeOptions: {debuggerAddress: localhost:57117}, javascriptEnabled: true, networkConnectionEnabled: false, pageLoadStrategy: normal, platform: WINDOWS, platformName: WINDOWS, proxy: Proxy(), setWindowRect: true, strictFileInteractability: false, timeouts: {implicit: 0, pageLoad: 300000, script: 30000}, unhandledPromptBehavior: dismiss and notify, webauthn:virtualAuthenticators: true}
Session ID: 69c5d112da5f0876736d93ec820c349a
*** Element info: {Using=xpath, value=//*[@id=&apos;loanfees&apos;]}
	at sun.reflect.NativeConstructorAccessorImpl.newInstance0(Native Method)
	at sun.reflect.NativeConstructorAccessorImpl.newInstance(Unknown Source)
	at sun.reflect.DelegatingConstructorAccessorImpl.newInstance(Unknown Source)
	at java.lang.reflect.Constructor.newInstance(Unknown Source)
	at org.openqa.selenium.remote.http.W3CHttpResponseCodec.createException(W3CHttpResponseCodec.java:187)
	at org.openqa.selenium.remote.http.W3CHttpResponseCodec.decode(W3CHttpResponseCodec.java:122)
	at org.openqa.selenium.remote.http.W3CHttpResponseCodec.decode(W3CHttpResponseCodec.java:49)
	at org.openqa.selenium.remote.HttpCommandExecutor.execute(HttpCommandExecutor.java:158)
	at org.openqa.selenium.remote.service.DriverCommandExecutor.execute(DriverCommandExecutor.java:83)
	at org.openqa.selenium.remote.RemoteWebDriver.execute(RemoteWebDriver.java:552)
	at org.openqa.selenium.remote.RemoteWebDriver.findElement(RemoteWebDriver.java:323)
	at org.openqa.selenium.remote.RemoteWebDriver.findElementByXPath(RemoteWebDriver.java:428)
	at org.openqa.selenium.By$ByXPath.findElement(By.java:353)
	at org.openqa.selenium.remote.RemoteWebDriver.findElement(RemoteWebDriver.java:315)
	at org.openqa.selenium.support.pagefactory.DefaultElementLocator.findElement(DefaultElementLocator.java:69)
	at org.openqa.selenium.support.pagefactory.internal.LocatingElementHandler.invoke(LocatingElementHandler.java:38)
	at com.sun.proxy.$Proxy8.sendKeys(Unknown Source)
	at baseClasses.PageBaseClass.clearField(PageBaseClass.java:44)
	at pageClasses.LoanCalculatorPage.calculateLoan(LoanCalculatorPage.java:51)
	at testCases.LoanCalculatorTest.loanCalculator(LoanCalculatorTest.java:34)
	at sun.reflect.NativeMethodAccessorImpl.invoke0(Native Method)
	at sun.reflect.NativeMethodAccessorImpl.invoke(Unknown Source)
	at sun.reflect.DelegatingMethodAccessorImpl.invoke(Unknown Source)
	at java.lang.reflect.Method.invoke(Unknown Source)
	at org.testng.internal.MethodInvocationHelper.invokeMethod(MethodInvocationHelper.java:124)
	at org.testng.internal.Invoker.invokeMethod(Invoker.java:583)
	at org.testng.internal.Invoker.invokeTestMethod(Invoker.java:719)
	at org.testng.internal.Invoker.invokeTestMethods(Invoker.java:989)
	at org.testng.internal.TestMethodWorker.invokeTestMethods(TestMethodWorker.java:125)
	at org.testng.internal.TestMethodWorker.run(TestMethodWorker.java:109)
	at org.testng.TestRunner.privateRun(TestRunner.java:648)
	at org.testng.TestRunner.run(TestRunner.java:505)
	at org.testng.SuiteRunner.runTest(SuiteRunner.java:455)
	at org.testng.SuiteRunner.runSequentially(SuiteRunner.java:450)
	at org.testng.SuiteRunner.privateRun(SuiteRunner.java:415)
	at org.testng.SuiteRunner.run(SuiteRunner.java:364)
	at org.testng.SuiteRunnerWorker.runSuite(SuiteRunnerWorker.java:52)
	at org.testng.SuiteRunnerWorker.run(SuiteRunnerWorker.java:84)
	at org.testng.TestNG.runSuitesSequentially(TestNG.java:1208)
	at org.testng.TestNG.runSuitesLocally(TestNG.java:1137)
	at org.testng.TestNG.runSuites(TestNG.java:1049)
	at org.testng.TestNG.run(TestNG.java:1017)
	at org.testng.remote.AbstractRemoteTestNG.run(AbstractRemoteTestNG.java:114)
	at org.testng.remote.RemoteTestNG.initAndRun(RemoteTestNG.java:251)
	at org.testng.remote.RemoteTestNG.main(RemoteTestNG.java:77)
</pre></div></td>
<td>80</td>
<td>testCases.LoanCalculatorTest@12c8a2c0</td></tr>
</table><p>
<table width='100%' border='1' class='invocation-passed'>
<tr><td colspan='4' align='center'><b>PASSED TESTS</b></td></tr>
<tr><td><b>Test method</b></td>
<td width="30%"><b>Exception</b></td>
<td width="10%"><b>Time (seconds)</b></td>
<td><b>Instance</b></td>
</tr>
<tr>
<td title='testCases.CarLoanTest.carEmiCalculator()'><b>carEmiCalculator</b><br>Test class: testCases.CarLoanTest<br>Parameters: 1500000.0, 9.5, Y, 2.0, 1652922.0</td>
<td></td>
<td>26</td>
<td>testCases.CarLoanTest@396e2f39</td></tr>
<tr>
<td title='testCases.CarLoanTest.carEmiCalculator()'><b>carEmiCalculator</b><br>Test class: testCases.CarLoanTest<br>Parameters: 3000000.0, 10.5, Y, 20.0, 71,88,335</td>
<td></td>
<td>33</td>
<td>testCases.CarLoanTest@396e2f39</td></tr>
<tr>
<td title='testCases.CarLoanTest.carEmiCalculator()'><b>carEmiCalculator</b><br>Test class: testCases.CarLoanTest<br>Parameters: 1000000.0, 4.0, Y, 10.0, 12,14,942</td>
<td></td>
<td>43</td>
<td>testCases.CarLoanTest@396e2f39</td></tr>
<tr>
<td title='testCases.CarLoanTest.carEmiCalculator()'><b>carEmiCalculator</b><br>Test class: testCases.CarLoanTest<br>Parameters: 1000000.0, 0.0, Y, 10.0, 12,72,786</td>
<td></td>
<td>29</td>
<td>testCases.CarLoanTest@396e2f39</td></tr>
<tr>
<td title='testCases.CarLoanTest.carEmiCalculator()'><b>carEmiCalculator</b><br>Test class: testCases.CarLoanTest<br>Parameters: 1200000.0, 15.0, M, 0.0, 12,99,720</td>
<td></td>
<td>41</td>
<td>testCases.CarLoanTest@396e2f39</td></tr>
<tr>
<td title='testCases.CarLoanTest.carEmiCalculator()'><b>carEmiCalculator</b><br>Test class: testCases.CarLoanTest<br>Parameters: 1300000.0, 14.0, M, 50.0, 1,09,22,579</td>
<td></td>
<td>49</td>
<td>testCases.CarLoanTest@396e2f39</td></tr>
<tr>
<td title='testCases.CarLoanTest.carEmiCalculator()'><b>carEmiCalculator</b><br>Test class: testCases.CarLoanTest<br>Parameters: 1300000.0, 12.0, Y, 1.0, 13,86,041</td>
<td></td>
<td>30</td>
<td>testCases.CarLoanTest@396e2f39</td></tr>
<tr>
<td title='testCases.CarLoanTest.carEmiCalculator()'><b>carEmiCalculator</b><br>Test class: testCases.CarLoanTest<br>Parameters: 1250000.0, 12.0, Y, 60.0, 90,06,969</td>
<td></td>
<td>52</td>
<td>testCases.CarLoanTest@396e2f39</td></tr>
<tr>
<td title='testCases.HomeLoanEmiTest.homeLoanEmiCalculator()'><b>homeLoanEmiCalculator</b><br>Test class: testCases.HomeLoanEmiTest<br>Parameters: 0.0, 0.0, 0.0, 9.5, 20.0, 10.0, 0.25, 0.05, 2500.0, 2500.0</td>
<td></td>
<td>102</td>
<td>testCases.HomeLoanEmiTest@a74868d</td></tr>
<tr>
<td title='testCases.HomeLoanEmiTest.homeLoanEmiCalculator()'><b>homeLoanEmiCalculator</b><br>Test class: testCases.HomeLoanEmiTest<br>Parameters: -2.0, 0.0, 0.0, 9.5, 20.0, 10.0, 0.25, 0.05, 2500.0, 600005.0</td>
<td></td>
<td>46</td>
<td>testCases.HomeLoanEmiTest@a74868d</td></tr>
<tr>
<td title='testCases.HomeLoanEmiTest.homeLoanEmiCalculator()'><b>homeLoanEmiCalculator</b><br>Test class: testCases.HomeLoanEmiTest<br>Parameters: 100000.0, -2.0, 0.0, 9.5, 20.0, 10.0, 0.25, 0.05, 2500.0, 837482.0</td>
<td></td>
<td>30</td>
<td>testCases.HomeLoanEmiTest@a74868d</td></tr>
<tr>
<td title='testCases.HomeLoanEmiTest.homeLoanEmiCalculator()'><b>homeLoanEmiCalculator</b><br>Test class: testCases.HomeLoanEmiTest<br>Parameters: 100000.0, 0.0, -2.0, 9.5, 20.0, 10.0, 0.25, 0.05, 2500.0, 839966.0</td>
<td></td>
<td>29</td>
<td>testCases.HomeLoanEmiTest@a74868d</td></tr>
<tr>
<td title='testCases.HomeLoanEmiTest.homeLoanEmiCalculator()'><b>homeLoanEmiCalculator</b><br>Test class: testCases.HomeLoanEmiTest<br>Parameters: 100000.0, 0.0, 10000.0, 9.5, -2.0, 10.0, 0.25, 0.05, 2500.0, 192089.0</td>
<td></td>
<td>20</td>
<td>testCases.HomeLoanEmiTest@a74868d</td></tr>
<tr>
<td title='testCases.HomeLoanEmiTest.homeLoanEmiCalculator()'><b>homeLoanEmiCalculator</b><br>Test class: testCases.HomeLoanEmiTest<br>Parameters: 100000.0, 0.0, 10000.0, 9.5, 0.0, 10.0, 0.25, 0.05, 2500.0, 1252253.0</td>
<td></td>
<td>37</td>
<td>testCases.HomeLoanEmiTest@a74868d</td></tr>
<tr>
<td title='testCases.HomeLoanEmiTest.homeLoanEmiCalculator()'><b>homeLoanEmiCalculator</b><br>Test class: testCases.HomeLoanEmiTest<br>Parameters: 100000.0, 0.0, 10000.0, 9.5, 20.0, -2.0, 0.25, 0.05, 2500.0, 854358.0</td>
<td></td>
<td>32</td>
<td>testCases.HomeLoanEmiTest@a74868d</td></tr>
<tr>
<td title='testCases.HomeLoanEmiTest.homeLoanEmiCalculator()'><b>homeLoanEmiCalculator</b><br>Test class: testCases.HomeLoanEmiTest<br>Parameters: 100000.0, 0.0, 10000.0, 9.5, 20.0, 10.0, -2.0, 0.05, 2500.0, 897358.0</td>
<td></td>
<td>35</td>
<td>testCases.HomeLoanEmiTest@a74868d</td></tr>
<tr>
<td title='testCases.HomeLoanEmiTest.homeLoanEmiCalculator()'><b>homeLoanEmiCalculator</b><br>Test class: testCases.HomeLoanEmiTest<br>Parameters: 100000.0, 0.0, 10000.0, 9.5, 20.0, 10.0, 0.25, -2.0, 2500.0, 901358.0</td>
<td></td>
<td>32</td>
<td>testCases.HomeLoanEmiTest@a74868d</td></tr>
<tr>
<td title='testCases.HomeLoanEmiTest.homeLoanEmiCalculator()'><b>homeLoanEmiCalculator</b><br>Test class: testCases.HomeLoanEmiTest<br>Parameters: 100000.0, 0.0, 10000.0, 9.5, 20.0, 10.0, 0.25, 0.05, -2.0, 262838.0</td>
<td></td>
<td>38</td>
<td>testCases.HomeLoanEmiTest@a74868d</td></tr>
<tr>
<td title='testCases.LoanCalculatorTest.loanCalculator()'><b>loanCalculator</b><br>Test class: testCases.LoanCalculatorTest<br>Parameters: 1000000.0, 9.5, 6.0, 0.0, 13,15,778</td>
<td></td>
<td>41</td>
<td>testCases.LoanCalculatorTest@12c8a2c0</td></tr>
<tr>
<td title='testCases.LoanCalculatorTest.loanCalculator()'><b>loanCalculator</b><br>Test class: testCases.LoanCalculatorTest<br>Parameters: -200000.0, 9.5, 6.0, 0.0, 2,63,156</td>
<td></td>
<td>53</td>
<td>testCases.LoanCalculatorTest@12c8a2c0</td></tr>
</table><p>
</body>
</html>