<?xml version="1.0" encoding="UTF-8"?>
<!-- Generated by org.testng.reporters.JUnitXMLReporter -->
<testsuite hostname="DESKTOP-QB0KDE3" ignored="0" name="Test" tests="21" failures="1" timestamp="05 Nov 2020 09:48:26 GMT" time="890.047" errors="0">
  <testcase name="carEmiCalculator" time="26.904" classname="testCases.CarLoanTest"/>
  <testcase name="carEmiCalculator" time="33.797" classname="testCases.CarLoanTest"/>
  <testcase name="carEmiCalculator" time="43.389" classname="testCases.CarLoanTest"/>
  <testcase name="carEmiCalculator" time="29.06" classname="testCases.CarLoanTest"/>
  <testcase name="carEmiCalculator" time="41.867" classname="testCases.CarLoanTest"/>
  <testcase name="carEmiCalculator" time="49.525" classname="testCases.CarLoanTest"/>
  <testcase name="carEmiCalculator" time="30.067" classname="testCases.CarLoanTest"/>
  <testcase name="carEmiCalculator" time="52.909" classname="testCases.CarLoanTest"/>
  <testcase name="homeLoanEmiCalculator" time="102.096" classname="testCases.HomeLoanEmiTest"/>
  <testcase name="homeLoanEmiCalculator" time="46.323" classname="testCases.HomeLoanEmiTest"/>
  <testcase name="homeLoanEmiCalculator" time="30.566" classname="testCases.HomeLoanEmiTest"/>
  <testcase name="homeLoanEmiCalculator" time="29.528" classname="testCases.HomeLoanEmiTest"/>
  <testcase name="homeLoanEmiCalculator" time="20.99" classname="testCases.HomeLoanEmiTest"/>
  <testcase name="homeLoanEmiCalculator" time="37.064" classname="testCases.HomeLoanEmiTest"/>
  <testcase name="homeLoanEmiCalculator" time="32.86" classname="testCases.HomeLoanEmiTest"/>
  <testcase name="homeLoanEmiCalculator" time="35.582" classname="testCases.HomeLoanEmiTest"/>
  <testcase name="homeLoanEmiCalculator" time="32.796" classname="testCases.HomeLoanEmiTest"/>
  <testcase name="homeLoanEmiCalculator" time="38.492" classname="testCases.HomeLoanEmiTest"/>
  <testcase name="loanCalculator" time="41.11" classname="testCases.LoanCalculatorTest"/>
  <testcase name="loanCalculator" time="80.708" classname="testCases.LoanCalculatorTest">
    <failure type="org.openqa.selenium.NoSuchElementException" message="no such element: Unable to locate element: {&amp;quot;method&amp;quot;:&amp;quot;xpath&amp;quot;,&amp;quot;selector&amp;quot;:&amp;quot;//*[@id=&amp;apos;loanfees&amp;apos;]&amp;quot;}
  (Session info: chrome=86.0.4240.111)
For documentation on this error, please visit: https://www.seleniumhq.org/exceptions/no_such_element.html
Build info: version: &amp;apos;3.141.59&amp;apos;, revision: &amp;apos;e82be7d358&amp;apos;, time: &amp;apos;2018-11-14T08:17:03&amp;apos;
System info: host: &amp;apos;DESKTOP-QB0KDE3&amp;apos;, ip: &amp;apos;192.168.0.103&amp;apos;, os.name: &amp;apos;Windows 10&amp;apos;, os.arch: &amp;apos;amd64&amp;apos;, os.version: &amp;apos;10.0&amp;apos;, java.version: &amp;apos;1.8.0_261&amp;apos;
Driver info: org.openqa.selenium.chrome.ChromeDriver
Capabilities {acceptInsecureCerts: false, browserName: chrome, browserVersion: 86.0.4240.111, chrome: {chromedriverVersion: 85.0.4183.87 (cd6713ebf92fa..., userDataDir: C:\Users\Yasharth\AppData\L...}, goog:chromeOptions: {debuggerAddress: localhost:57117}, javascriptEnabled: true, networkConnectionEnabled: false, pageLoadStrategy: normal, platform: WINDOWS, platformName: WINDOWS, proxy: Proxy(), setWindowRect: true, strictFileInteractability: false, timeouts: {implicit: 0, pageLoad: 300000, script: 30000}, unhandledPromptBehavior: dismiss and notify, webauthn:virtualAuthenticators: true}
Session ID: 69c5d112da5f0876736d93ec820c349a
*** Element info: {Using=xpath, value=//*[@id=&amp;apos;loanfees&amp;apos;]}">
      <![CDATA[org.openqa.selenium.NoSuchElementException: no such element: Unable to locate element: {"method":"xpath","selector":"//*[@id='loanfees']"}
  (Session info: chrome=86.0.4240.111)
For documentation on this error, please visit: https://www.seleniumhq.org/exceptions/no_such_element.html
Build info: version: '3.141.59', revision: 'e82be7d358', time: '2018-11-14T08:17:03'
System info: host: 'DESKTOP-QB0KDE3', ip: '192.168.0.103', os.name: 'Windows 10', os.arch: 'amd64', os.version: '10.0', java.version: '1.8.0_261'
Driver info: org.openqa.selenium.chrome.ChromeDriver
Capabilities {acceptInsecureCerts: false, browserName: chrome, browserVersion: 86.0.4240.111, chrome: {chromedriverVersion: 85.0.4183.87 (cd6713ebf92fa..., userDataDir: C:\Users\Yasharth\AppData\L...}, goog:chromeOptions: {debuggerAddress: localhost:57117}, javascriptEnabled: true, networkConnectionEnabled: false, pageLoadStrategy: normal, platform: WINDOWS, platformName: WINDOWS, proxy: Proxy(), setWindowRect: true, strictFileInteractability: false, timeouts: {implicit: 0, pageLoad: 300000, script: 30000}, unhandledPromptBehavior: dismiss and notify, webauthn:virtualAuthenticators: true}
Session ID: 69c5d112da5f0876736d93ec820c349a
*** Element info: {Using=xpath, value=//*[@id='loanfees']}
at org.openqa.selenium.remote.http.W3CHttpResponseCodec.createException(W3CHttpResponseCodec.java:187)
at org.openqa.selenium.remote.http.W3CHttpResponseCodec.decode(W3CHttpResponseCodec.java:122)
at org.openqa.selenium.remote.http.W3CHttpResponseCodec.decode(W3CHttpResponseCodec.java:49)
at org.openqa.selenium.remote.HttpCommandExecutor.execute(HttpCommandExecutor.java:158)
at org.openqa.selenium.remote.service.DriverCommandExecutor.execute(DriverCommandExecutor.java:83)
at org.openqa.selenium.remote.RemoteWebDriver.execute(RemoteWebDriver.java:552)
at org.openqa.selenium.remote.RemoteWebDriver.findElement(RemoteWebDriver.java:323)
at org.openqa.selenium.remote.RemoteWebDriver.findElementByXPath(RemoteWebDriver.java:428)
at org.openqa.selenium.By$ByXPath.findElement(By.java:353)
at org.openqa.selenium.remote.RemoteWebDriver.findElement(RemoteWebDriver.java:315)
at org.openqa.selenium.support.pagefactory.DefaultElementLocator.findElement(DefaultElementLocator.java:69)
at org.openqa.selenium.support.pagefactory.internal.LocatingElementHandler.invoke(LocatingElementHandler.java:38)
at com.sun.proxy.$Proxy8.sendKeys(Unknown Source)
at baseClasses.PageBaseClass.clearField(PageBaseClass.java:44)
at pageClasses.LoanCalculatorPage.calculateLoan(LoanCalculatorPage.java:51)
at testCases.LoanCalculatorTest.loanCalculator(LoanCalculatorTest.java:34)
... Removed 29 stack frames]]>
    </failure>
  </testcase> <!-- loanCalculator -->
  <testcase name="loanCalculator" time="53.36" classname="testCases.LoanCalculatorTest"/>
</testsuite> <!-- Test -->
